<?xml version="1.0" encoding="UTF-8"?>
<!-- Generated by org.testng.reporters.JUnitXMLReporter -->
<testsuite ignored="0" hostname="LAPTOP-NASCGQ94" failures="0" tests="4" name="Default test" time="5.79" errors="0" timestamp="04 Jun. 2022 06:30:15 GMT">
  <testcase classname="restAPIXML.XMLTest" name="test1" time="2.741"/>
  <testcase classname="restAPIXML.XMLTest" name="test2" time="1.525"/>
  <testcase classname="restAPIXML.XMLTest" name="test3" time="0.825"/>
  <testcase classname="restAPIXML.XMLTest" name="test4" time="0.672"/>
</testsuite> <!-- Default test -->
