<?xml version="1.0" encoding="UTF-8"?>
<testng-results ignored="0" total="1" passed="1" failed="0" skipped="0">
  <reporter-output>
  </reporter-output>
  <suite started-at="2022-05-29T07:33:23Z" name="Suite" finished-at="2022-05-29T07:33:26Z" duration-ms="2486">
    <groups>
    </groups>
    <test started-at="2022-05-29T07:33:23Z" name="Test" finished-at="2022-05-29T07:33:26Z" duration-ms="2486">
      <class name="apiChaining.EndToEndTest">
        <test-method signature="test9()[pri:0, instance:apiChaining.EndToEndTest@3b74ac8]" started-at="2022-05-29T07:33:23Z" name="test9" finished-at="2022-05-29T07:33:26Z" duration-ms="2463" status="PASS">
          <reporter-output>
          </reporter-output>
        </test-method> <!-- test9 -->
      </class> <!-- apiChaining.EndToEndTest -->
    </test> <!-- Test -->
  </suite> <!-- Suite -->
</testng-results>
