<?xml version="1.0" encoding="UTF-8"?>
<testng-results ignored="0" total="4" passed="4" failed="0" skipped="0">
  <reporter-output>
  </reporter-output>
  <suite started-at="2022-06-04T06:30:09Z" name="Default suite" finished-at="2022-06-04T06:30:15Z" duration-ms="5790">
    <groups>
    </groups>
    <test started-at="2022-06-04T06:30:09Z" name="Default test" finished-at="2022-06-04T06:30:15Z" duration-ms="5790">
      <class name="restAPIXML.XMLTest">
        <test-method signature="test1()[pri:0, instance:restAPIXML.XMLTest@7161d8d1]" started-at="2022-06-04T06:30:09Z" name="test1" finished-at="2022-06-04T06:30:12Z" duration-ms="2741" status="PASS">
          <reporter-output>
          </reporter-output>
        </test-method> <!-- test1 -->
        <test-method signature="test2()[pri:0, instance:restAPIXML.XMLTest@7161d8d1]" started-at="2022-06-04T06:30:12Z" name="test2" finished-at="2022-06-04T06:30:13Z" duration-ms="1525" status="PASS">
          <reporter-output>
          </reporter-output>
        </test-method> <!-- test2 -->
        <test-method signature="test3()[pri:0, instance:restAPIXML.XMLTest@7161d8d1]" started-at="2022-06-04T06:30:13Z" name="test3" finished-at="2022-06-04T06:30:14Z" duration-ms="825" status="PASS">
          <reporter-output>
          </reporter-output>
        </test-method> <!-- test3 -->
        <test-method signature="test4()[pri:0, instance:restAPIXML.XMLTest@7161d8d1]" started-at="2022-06-04T06:30:14Z" name="test4" finished-at="2022-06-04T06:30:15Z" duration-ms="672" status="PASS">
          <reporter-output>
          </reporter-output>
        </test-method> <!-- test4 -->
      </class> <!-- restAPIXML.XMLTest -->
    </test> <!-- Default test -->
  </suite> <!-- Default suite -->
</testng-results>
