<?xml version="1.0" encoding="UTF-8"?>
<testng-results ignored="0" total="1" passed="1" failed="0" skipped="0">
  <reporter-output>
  </reporter-output>
  <suite started-at="2022-06-05T07:07:42Z" name="Default suite" finished-at="2022-06-05T07:07:45Z" duration-ms="3062">
    <groups>
    </groups>
    <test started-at="2022-06-05T07:07:42Z" name="Default test" finished-at="2022-06-05T07:07:45Z" duration-ms="3062">
      <class name="oAuth.oAuthExample">
        <test-method signature="test1()[pri:0, instance:oAuth.oAuthExample@2034b64c]" started-at="2022-06-05T07:07:42Z" name="test1" finished-at="2022-06-05T07:07:45Z" duration-ms="3036" status="PASS">
          <reporter-output>
          </reporter-output>
        </test-method> <!-- test1 -->
      </class> <!-- oAuth.oAuthExample -->
    </test> <!-- Default test -->
  </suite> <!-- Default suite -->
</testng-results>
